# JRE version: OpenJDK Runtime Environment (17.0.6) (build 17.0.6+0-b2043.56-10027231)
# Java VM: OpenJDK 64-Bit Server VM (17.0.6+0-b2043.56-10027231, mixed mode, tiered, compressed oops, compressed class ptrs, g1 gc, windows-amd64)
GC Precious Log:
 CPUs: 8 total, 8 available
 Memory: 8074M
 Large Page Support: Disabled
 NUMA Support: Disabled
 Compressed Oops: Enabled (32-bit)
 Heap Region Size: 1M
 Heap Min Capacity: 8M
 Heap Initial Capacity: 128M
 Heap Max Capacity: 1536M
 Pre-touch: Disabled
 Parallel Workers: 8
 Concurrent Workers: 2
 Concurrent Refinement Workers: 8
 Periodic GC: Disabled
Heap:
 garbage-first heap   total 350208K, used 252184K [0x00000000a0000000, 0x0000000100000000)
  region size 1024K, 10 young (10240K), 5 survivors (5120K)
 Metaspace       used 104659K, committed 106368K, reserved 1146880K
  class space    used 14501K, committed 15232K, reserved 1048576K
GC Heap History (20 events):
Event: 19.541 GC heap before
{Heap before GC invocations=44 (full 0):
 garbage-first heap   total 239616K, used 197928K [0x00000000a0000000, 0x0000000100000000)
  region size 1024K, 34 young (34816K), 5 survivors (5120K)
 Metaspace       used 92266K, committed 93632K, reserved 1130496K
  class space    used 12695K, committed 13248K, reserved 1048576K
}
Event: 19.551 GC heap after
{Heap after GC invocations=45 (full 0):
 garbage-first heap   total 239616K, used 174348K [0x00000000a0000000, 0x0000000100000000)
  region size 1024K, 5 young (5120K), 5 survivors (5120K)
 Metaspace       used 92266K, committed 93632K, reserved 1130496K
  class space    used 12695K, committed 13248K, reserved 1048576K
}
Event: 19.878 GC heap before
{Heap before GC invocations=45 (full 0):
 garbage-first heap   total 239616K, used 198924K [0x00000000a0000000, 0x0000000100000000)
  region size 1024K, 29 young (29696K), 5 survivors (5120K)
 Metaspace       used 92437K, committed 93888K, reserved 1130496K
  class space    used 12717K, committed 13312K, reserved 1048576K
}
Event: 19.888 GC heap after
{Heap after GC invocations=46 (full 0):
 garbage-first heap   total 299008K, used 178222K [0x00000000a0000000, 0x0000000100000000)
  region size 1024K, 4 young (4096K), 4 survivors (4096K)
 Metaspace       used 92437K, committed 93888K, reserved 1130496K
  class space    used 12717K, committed 13312K, reserved 1048576K
}
Event: 20.387 GC heap before
{Heap before GC invocations=46 (full 0):
 garbage-first heap   total 299008K, used 235566K [0x00000000a0000000, 0x0000000100000000)
  region size 1024K, 60 young (61440K), 4 survivors (4096K)
 Metaspace       used 93230K, committed 94592K, reserved 1130496K
  class space    used 12830K, committed 13376K, reserved 1048576K
}
Event: 20.403 GC heap after
{Heap after GC invocations=47 (full 0):
 garbage-first heap   total 299008K, used 193535K [0x00000000a0000000, 0x0000000100000000)
  region size 1024K, 8 young (8192K), 8 survivors (8192K)
 Metaspace       used 93230K, committed 94592K, reserved 1130496K
  class space    used 12830K, committed 13376K, reserved 1048576K
}
Event: 21.340 GC heap before
{Heap before GC invocations=47 (full 0):
 garbage-first heap   total 299008K, used 239615K [0x00000000a0000000, 0x0000000100000000)
  region size 1024K, 53 young (54272K), 8 survivors (8192K)
 Metaspace       used 99115K, committed 100544K, reserved 1138688K
  class space    used 13659K, committed 14272K, reserved 1048576K
}
Event: 21.355 GC heap after
{Heap after GC invocations=48 (full 0):
 garbage-first heap   total 299008K, used 198478K [0x00000000a0000000, 0x0000000100000000)
  region size 1024K, 5 young (5120K), 5 survivors (5120K)
 Metaspace       used 99115K, committed 100544K, reserved 1138688K
  class space    used 13659K, committed 14272K, reserved 1048576K
}
Event: 21.994 GC heap before
{Heap before GC invocations=48 (full 0):
 garbage-first heap   total 299008K, used 243534K [0x00000000a0000000, 0x0000000100000000)
  region size 1024K, 49 young (50176K), 5 survivors (5120K)
 Metaspace       used 100255K, committed 101760K, reserved 1138688K
  class space    used 13815K, committed 14464K, reserved 1048576K
}
Event: 22.018 GC heap after
{Heap after GC invocations=49 (full 0):
 garbage-first heap   total 299008K, used 209520K [0x00000000a0000000, 0x0000000100000000)
  region size 1024K, 7 young (7168K), 7 survivors (7168K)
 Metaspace       used 100255K, committed 101760K, reserved 1138688K
  class space    used 13815K, committed 14464K, reserved 1048576K
}
Event: 22.383 GC heap before
{Heap before GC invocations=49 (full 0):
 garbage-first heap   total 299008K, used 247408K [0x00000000a0000000, 0x0000000100000000)
  region size 1024K, 44 young (45056K), 7 survivors (7168K)
 Metaspace       used 101031K, committed 102592K, reserved 1138688K
  class space    used 13902K, committed 14592K, reserved 1048576K
}
Event: 22.404 GC heap after
{Heap after GC invocations=50 (full 0):
 garbage-first heap   total 299008K, used 221552K [0x00000000a0000000, 0x0000000100000000)
  region size 1024K, 6 young (6144K), 6 survivors (6144K)
 Metaspace       used 101031K, committed 102592K, reserved 1138688K
  class space    used 13902K, committed 14592K, reserved 1048576K
}
Event: 22.757 GC heap before
{Heap before GC invocations=50 (full 0):
 garbage-first heap   total 299008K, used 250224K [0x00000000a0000000, 0x0000000100000000)
  region size 1024K, 34 young (34816K), 6 survivors (6144K)
 Metaspace       used 101670K, committed 103296K, reserved 1138688K
  class space    used 14009K, committed 14720K, reserved 1048576K
}
Event: 22.773 GC heap after
{Heap after GC invocations=51 (full 0):
 garbage-first heap   total 350208K, used 227327K [0x00000000a0000000, 0x0000000100000000)
  region size 1024K, 5 young (5120K), 5 survivors (5120K)
 Metaspace       used 101670K, committed 103296K, reserved 1138688K
  class space    used 14009K, committed 14720K, reserved 1048576K
}
Event: 23.503 GC heap before
{Heap before GC invocations=51 (full 0):
 garbage-first heap   total 350208K, used 281599K [0x00000000a0000000, 0x0000000100000000)
  region size 1024K, 58 young (59392K), 5 survivors (5120K)
 Metaspace       used 103130K, committed 104896K, reserved 1138688K
  class space    used 14226K, committed 14976K, reserved 1048576K
}
Event: 23.527 GC heap after
{Heap after GC invocations=52 (full 0):
 garbage-first heap   total 350208K, used 235842K [0x00000000a0000000, 0x0000000100000000)
  region size 1024K, 8 young (8192K), 8 survivors (8192K)
 Metaspace       used 103130K, committed 104896K, reserved 1138688K
  class space    used 14226K, committed 14976K, reserved 1048576K
}
Event: 24.418 GC heap before
{Heap before GC invocations=52 (full 0):
 garbage-first heap   total 350208K, used 288066K [0x00000000a0000000, 0x0000000100000000)
  region size 1024K, 57 young (58368K), 8 survivors (8192K)
 Metaspace       used 104136K, committed 105856K, reserved 1146880K
  class space    used 14403K, committed 15168K, reserved 1048576K
}
Event: 24.439 GC heap after
{Heap after GC invocations=53 (full 0):
 garbage-first heap   total 350208K, used 244404K [0x00000000a0000000, 0x0000000100000000)
  region size 1024K, 8 young (8192K), 8 survivors (8192K)
 Metaspace       used 104136K, committed 105856K, reserved 1146880K
  class space    used 14403K, committed 15168K, reserved 1048576K
}
Event: 25.101 GC heap before
{Heap before GC invocations=53 (full 0):
 garbage-first heap   total 350208K, used 289460K [0x00000000a0000000, 0x0000000100000000)
  region size 1024K, 52 young (53248K), 8 survivors (8192K)
 Metaspace       used 104422K, committed 106176K, reserved 1146880K
  class space    used 14466K, committed 15232K, reserved 1048576K
}
Event: 25.117 GC heap after
{Heap after GC invocations=54 (full 0):
 garbage-first heap   total 350208K, used 248088K [0x00000000a0000000, 0x0000000100000000)
  region size 1024K, 5 young (5120K), 5 survivors (5120K)
 Metaspace       used 104422K, committed 106176K, reserved 1146880K
  class space    used 14466K, committed 15232K, reserved 1048576K
}

