# JRE version: OpenJDK Runtime Environment (17.0.6) (build 17.0.6+0-b2043.56-10027231)
# Java VM: OpenJDK 64-Bit Server VM (17.0.6+0-b2043.56-10027231, mixed mode, tiered, compressed oops, compressed class ptrs, g1 gc, windows-amd64)
GC Precious Log:
 CPUs: 8 total, 8 available
 Memory: 8074M
 Large Page Support: Disabled
 NUMA Support: Disabled
 Compressed Oops: Enabled (32-bit)
 Heap Region Size: 1M
 Heap Min Capacity: 8M
 Heap Initial Capacity: 128M
 Heap Max Capacity: 1536M
 Pre-touch: Disabled
 Parallel Workers: 8
 Concurrent Workers: 2
 Concurrent Refinement Workers: 8
 Periodic GC: Disabled
Heap:
 garbage-first heap   total 320512K, used 264845K [0x00000000a0000000, 0x0000000100000000)
  region size 1024K, 14 young (14336K), 4 survivors (4096K)
 Metaspace       used 111019K, committed 112704K, reserved 1146880K
  class space    used 15258K, committed 15936K, reserved 1048576K
GC Heap History (20 events):
Event: 185.769 GC heap before
{Heap before GC invocations=52 (full 0):
 garbage-first heap   total 268288K, used 226683K [0x00000000a0000000, 0x0000000100000000)
  region size 1024K, 26 young (26624K), 4 survivors (4096K)
 Metaspace       used 105241K, committed 106624K, reserved 1146880K
  class space    used 14383K, committed 14976K, reserved 1048576K
}
Event: 185.781 GC heap after
{Heap after GC invocations=53 (full 0):
 garbage-first heap   total 268288K, used 205481K [0x00000000a0000000, 0x0000000100000000)
  region size 1024K, 2 young (2048K), 2 survivors (2048K)
 Metaspace       used 105241K, committed 106624K, reserved 1146880K
  class space    used 14383K, committed 14976K, reserved 1048576K
}
Event: 186.180 GC heap before
{Heap before GC invocations=53 (full 0):
 garbage-first heap   total 268288K, used 228009K [0x00000000a0000000, 0x0000000100000000)
  region size 1024K, 24 young (24576K), 2 survivors (2048K)
 Metaspace       used 106132K, committed 107584K, reserved 1146880K
  class space    used 14508K, committed 15104K, reserved 1048576K
}
Event: 186.202 GC heap after
{Heap after GC invocations=54 (full 0):
 garbage-first heap   total 268288K, used 211624K [0x00000000a0000000, 0x0000000100000000)
  region size 1024K, 3 young (3072K), 3 survivors (3072K)
 Metaspace       used 106132K, committed 107584K, reserved 1146880K
  class space    used 14508K, committed 15104K, reserved 1048576K
}
Event: 186.615 GC heap before
{Heap before GC invocations=54 (full 0):
 garbage-first heap   total 268288K, used 229032K [0x00000000a0000000, 0x0000000100000000)
  region size 1024K, 20 young (20480K), 3 survivors (3072K)
 Metaspace       used 106600K, committed 108032K, reserved 1146880K
  class space    used 14568K, committed 15168K, reserved 1048576K
}
Event: 186.629 GC heap after
{Heap after GC invocations=55 (full 0):
 garbage-first heap   total 320512K, used 215769K [0x00000000a0000000, 0x0000000100000000)
  region size 1024K, 3 young (3072K), 3 survivors (3072K)
 Metaspace       used 106600K, committed 108032K, reserved 1146880K
  class space    used 14568K, committed 15168K, reserved 1048576K
}
Event: 187.413 GC heap before
{Heap before GC invocations=55 (full 0):
 garbage-first heap   total 320512K, used 264921K [0x00000000a0000000, 0x0000000100000000)
  region size 1024K, 50 young (51200K), 3 survivors (3072K)
 Metaspace       used 107503K, committed 108992K, reserved 1146880K
  class space    used 14677K, committed 15296K, reserved 1048576K
}
Event: 187.435 GC heap after
{Heap after GC invocations=56 (full 0):
 garbage-first heap   total 320512K, used 228546K [0x00000000a0000000, 0x0000000100000000)
  region size 1024K, 7 young (7168K), 7 survivors (7168K)
 Metaspace       used 107503K, committed 108992K, reserved 1146880K
  class space    used 14677K, committed 15296K, reserved 1048576K
}
Event: 188.142 GC heap before
{Heap before GC invocations=56 (full 0):
 garbage-first heap   total 320512K, used 264386K [0x00000000a0000000, 0x0000000100000000)
  region size 1024K, 42 young (43008K), 7 survivors (7168K)
 Metaspace       used 108229K, committed 109760K, reserved 1146880K
  class space    used 14802K, committed 15424K, reserved 1048576K
}
Event: 188.160 GC heap after
{Heap after GC invocations=57 (full 0):
 garbage-first heap   total 320512K, used 235402K [0x00000000a0000000, 0x0000000100000000)
  region size 1024K, 6 young (6144K), 6 survivors (6144K)
 Metaspace       used 108229K, committed 109760K, reserved 1146880K
  class space    used 14802K, committed 15424K, reserved 1048576K
}
Event: 188.671 GC heap before
{Heap before GC invocations=57 (full 0):
 garbage-first heap   total 320512K, used 268170K [0x00000000a0000000, 0x0000000100000000)
  region size 1024K, 38 young (38912K), 6 survivors (6144K)
 Metaspace       used 108934K, committed 110528K, reserved 1146880K
  class space    used 14908K, committed 15552K, reserved 1048576K
}
Event: 188.687 GC heap after
{Heap after GC invocations=58 (full 0):
 garbage-first heap   total 320512K, used 241177K [0x00000000a0000000, 0x0000000100000000)
  region size 1024K, 5 young (5120K), 5 survivors (5120K)
 Metaspace       used 108934K, committed 110528K, reserved 1146880K
  class space    used 14908K, committed 15552K, reserved 1048576K
}
Event: 189.187 GC heap before
{Heap before GC invocations=58 (full 0):
 garbage-first heap   total 320512K, used 270873K [0x00000000a0000000, 0x0000000100000000)
  region size 1024K, 34 young (34816K), 5 survivors (5120K)
 Metaspace       used 109823K, committed 111424K, reserved 1146880K
  class space    used 15031K, committed 15680K, reserved 1048576K
}
Event: 189.205 GC heap after
{Heap after GC invocations=59 (full 0):
 garbage-first heap   total 320512K, used 246369K [0x00000000a0000000, 0x0000000100000000)
  region size 1024K, 5 young (5120K), 5 survivors (5120K)
 Metaspace       used 109823K, committed 111424K, reserved 1146880K
  class space    used 15031K, committed 15680K, reserved 1048576K
}
Event: 189.882 GC heap before
{Heap before GC invocations=59 (full 0):
 garbage-first heap   total 320512K, used 275041K [0x00000000a0000000, 0x0000000100000000)
  region size 1024K, 31 young (31744K), 5 survivors (5120K)
 Metaspace       used 110520K, committed 112192K, reserved 1146880K
  class space    used 15167K, committed 15872K, reserved 1048576K
}
Event: 189.895 GC heap after
{Heap after GC invocations=60 (full 0):
 garbage-first heap   total 320512K, used 251793K [0x00000000a0000000, 0x0000000100000000)
  region size 1024K, 4 young (4096K), 4 survivors (4096K)
 Metaspace       used 110520K, committed 112192K, reserved 1146880K
  class space    used 15167K, committed 15872K, reserved 1048576K
}
Event: 190.145 GC heap before
{Heap before GC invocations=60 (full 0):
 garbage-first heap   total 320512K, used 274321K [0x00000000a0000000, 0x0000000100000000)
  region size 1024K, 27 young (27648K), 4 survivors (4096K)
 Metaspace       used 110524K, committed 112256K, reserved 1146880K
  class space    used 15167K, committed 15872K, reserved 1048576K
}
Event: 190.152 GC heap after
{Heap after GC invocations=61 (full 0):
 garbage-first heap   total 320512K, used 253763K [0x00000000a0000000, 0x0000000100000000)
  region size 1024K, 3 young (3072K), 3 survivors (3072K)
 Metaspace       used 110524K, committed 112256K, reserved 1146880K
  class space    used 15167K, committed 15872K, reserved 1048576K
}
Event: 190.332 GC heap before
{Heap before GC invocations=61 (full 0):
 garbage-first heap   total 320512K, used 276291K [0x00000000a0000000, 0x0000000100000000)
  region size 1024K, 25 young (25600K), 3 survivors (3072K)
 Metaspace       used 110571K, committed 112256K, reserved 1146880K
  class space    used 15176K, committed 15872K, reserved 1048576K
}
Event: 190.335 GC heap after
{Heap after GC invocations=62 (full 0):
 garbage-first heap   total 320512K, used 255629K [0x00000000a0000000, 0x0000000100000000)
  region size 1024K, 4 young (4096K), 4 survivors (4096K)
 Metaspace       used 110571K, committed 112256K, reserved 1146880K
  class space    used 15176K, committed 15872K, reserved 1048576K
}

