# JRE version: OpenJDK Runtime Environment (17.0.6) (build 17.0.6+0-b2043.56-10027231)
# Java VM: OpenJDK 64-Bit Server VM (17.0.6+0-b2043.56-10027231, mixed mode, tiered, compressed oops, compressed class ptrs, g1 gc, windows-amd64)
GC Precious Log:
 CPUs: 8 total, 8 available
 Memory: 8074M
 Large Page Support: Disabled
 NUMA Support: Disabled
 Compressed Oops: Enabled (32-bit)
 Heap Region Size: 1M
 Heap Min Capacity: 8M
 Heap Initial Capacity: 128M
 Heap Max Capacity: 2020M
 Pre-touch: Disabled
 Parallel Workers: 8
 Concurrent Workers: 2
 Concurrent Refinement Workers: 8
 Periodic GC: Disabled
Heap:
 garbage-first heap   total 77824K, used 33657K [0x0000000081c00000, 0x0000000100000000)
  region size 1024K, 10 young (10240K), 2 survivors (2048K)
 Metaspace       used 44564K, committed 44800K, reserved 1089536K
  class space    used 5377K, committed 5504K, reserved 1048576K
GC Heap History (20 events):
Event: 1.625 GC heap before
{Heap before GC invocations=4 (full 0):
 garbage-first heap   total 31744K, used 14501K [0x0000000081c00000, 0x0000000100000000)
  region size 1024K, 6 young (6144K), 5 survivors (5120K)
 Metaspace       used 22728K, committed 22976K, reserved 1073152K
  class space    used 2762K, committed 2880K, reserved 1048576K
}
Event: 1.632 GC heap after
{Heap after GC invocations=5 (full 0):
 garbage-first heap   total 31744K, used 14572K [0x0000000081c00000, 0x0000000100000000)
  region size 1024K, 1 young (1024K), 1 survivors (1024K)
 Metaspace       used 22728K, committed 22976K, reserved 1073152K
  class space    used 2762K, committed 2880K, reserved 1048576K
}
Event: 2.240 GC heap before
{Heap before GC invocations=5 (full 0):
 garbage-first heap   total 31744K, used 20716K [0x0000000081c00000, 0x0000000100000000)
  region size 1024K, 8 young (8192K), 1 survivors (1024K)
 Metaspace       used 24713K, committed 24960K, reserved 1073152K
  class space    used 3208K, committed 3328K, reserved 1048576K
}
Event: 2.244 GC heap after
{Heap after GC invocations=6 (full 0):
 garbage-first heap   total 31744K, used 15360K [0x0000000081c00000, 0x0000000100000000)
  region size 1024K, 1 young (1024K), 1 survivors (1024K)
 Metaspace       used 24713K, committed 24960K, reserved 1073152K
  class space    used 3208K, committed 3328K, reserved 1048576K
}
Event: 2.429 GC heap before
{Heap before GC invocations=7 (full 0):
 garbage-first heap   total 31744K, used 21504K [0x0000000081c00000, 0x0000000100000000)
  region size 1024K, 8 young (8192K), 1 survivors (1024K)
 Metaspace       used 27102K, committed 27328K, reserved 1073152K
  class space    used 3477K, committed 3584K, reserved 1048576K
}
Event: 2.431 GC heap after
{Heap after GC invocations=8 (full 0):
 garbage-first heap   total 31744K, used 15739K [0x0000000081c00000, 0x0000000100000000)
  region size 1024K, 1 young (1024K), 1 survivors (1024K)
 Metaspace       used 27102K, committed 27328K, reserved 1073152K
  class space    used 3477K, committed 3584K, reserved 1048576K
}
Event: 2.443 GC heap before
{Heap before GC invocations=8 (full 0):
 garbage-first heap   total 31744K, used 16763K [0x0000000081c00000, 0x0000000100000000)
  region size 1024K, 2 young (2048K), 1 survivors (1024K)
 Metaspace       used 27173K, committed 27392K, reserved 1073152K
  class space    used 3478K, committed 3584K, reserved 1048576K
}
Event: 2.448 GC heap after
{Heap after GC invocations=9 (full 0):
 garbage-first heap   total 31744K, used 15907K [0x0000000081c00000, 0x0000000100000000)
  region size 1024K, 1 young (1024K), 1 survivors (1024K)
 Metaspace       used 27173K, committed 27392K, reserved 1073152K
  class space    used 3478K, committed 3584K, reserved 1048576K
}
Event: 2.562 GC heap before
{Heap before GC invocations=9 (full 0):
 garbage-first heap   total 31744K, used 23075K [0x0000000081c00000, 0x0000000100000000)
  region size 1024K, 8 young (8192K), 1 survivors (1024K)
 Metaspace       used 28570K, committed 28736K, reserved 1081344K
  class space    used 3631K, committed 3712K, reserved 1048576K
}
Event: 2.566 GC heap after
{Heap after GC invocations=10 (full 0):
 garbage-first heap   total 81920K, used 14847K [0x0000000081c00000, 0x0000000100000000)
  region size 1024K, 1 young (1024K), 1 survivors (1024K)
 Metaspace       used 28570K, committed 28736K, reserved 1081344K
  class space    used 3631K, committed 3712K, reserved 1048576K
}
Event: 3.038 GC heap before
{Heap before GC invocations=11 (full 0):
 garbage-first heap   total 55296K, used 42495K [0x0000000081c00000, 0x0000000100000000)
  region size 1024K, 29 young (29696K), 1 survivors (1024K)
 Metaspace       used 34403K, committed 34624K, reserved 1081344K
  class space    used 4189K, committed 4288K, reserved 1048576K
}
Event: 3.045 GC heap after
{Heap after GC invocations=12 (full 0):
 garbage-first heap   total 55296K, used 18299K [0x0000000081c00000, 0x0000000100000000)
  region size 1024K, 5 young (5120K), 5 survivors (5120K)
 Metaspace       used 34403K, committed 34624K, reserved 1081344K
  class space    used 4189K, committed 4288K, reserved 1048576K
}
Event: 3.442 GC heap before
{Heap before GC invocations=12 (full 0):
 garbage-first heap   total 55296K, used 36731K [0x0000000081c00000, 0x0000000100000000)
  region size 1024K, 23 young (23552K), 5 survivors (5120K)
 Metaspace       used 39264K, committed 39488K, reserved 1089536K
  class space    used 4781K, committed 4864K, reserved 1048576K
}
Event: 3.452 GC heap after
{Heap after GC invocations=13 (full 0):
 garbage-first heap   total 55296K, used 19093K [0x0000000081c00000, 0x0000000100000000)
  region size 1024K, 2 young (2048K), 2 survivors (2048K)
 Metaspace       used 39264K, committed 39488K, reserved 1089536K
  class space    used 4781K, committed 4864K, reserved 1048576K
}
Event: 4.241 GC heap before
{Heap before GC invocations=13 (full 0):
 garbage-first heap   total 55296K, used 40597K [0x0000000081c00000, 0x0000000100000000)
  region size 1024K, 20 young (20480K), 2 survivors (2048K)
 Metaspace       used 41962K, committed 42176K, reserved 1089536K
  class space    used 5093K, committed 5184K, reserved 1048576K
}
Event: 4.246 GC heap after
{Heap after GC invocations=14 (full 0):
 garbage-first heap   total 55296K, used 24063K [0x0000000081c00000, 0x0000000100000000)
  region size 1024K, 3 young (3072K), 3 survivors (3072K)
 Metaspace       used 41962K, committed 42176K, reserved 1089536K
  class space    used 5093K, committed 5184K, reserved 1048576K
}
Event: 4.291 GC heap before
{Heap before GC invocations=14 (full 0):
 garbage-first heap   total 55296K, used 39423K [0x0000000081c00000, 0x0000000100000000)
  region size 1024K, 18 young (18432K), 3 survivors (3072K)
 Metaspace       used 42049K, committed 42240K, reserved 1089536K
  class space    used 5093K, committed 5184K, reserved 1048576K
}
Event: 4.296 GC heap after
{Heap after GC invocations=15 (full 0):
 garbage-first heap   total 55296K, used 25462K [0x0000000081c00000, 0x0000000100000000)
  region size 1024K, 2 young (2048K), 2 survivors (2048K)
 Metaspace       used 42049K, committed 42240K, reserved 1089536K
  class space    used 5093K, committed 5184K, reserved 1048576K
}
Event: 4.422 GC heap before
{Heap before GC invocations=15 (full 0):
 garbage-first heap   total 55296K, used 39798K [0x0000000081c00000, 0x0000000100000000)
  region size 1024K, 16 young (16384K), 2 survivors (2048K)
 Metaspace       used 42757K, committed 42944K, reserved 1089536K
  class space    used 5165K, committed 5248K, reserved 1048576K
}
Event: 4.425 GC heap after
{Heap after GC invocations=16 (full 0):
 garbage-first heap   total 77824K, used 26489K [0x0000000081c00000, 0x0000000100000000)
  region size 1024K, 2 young (2048K), 2 survivors (2048K)
 Metaspace       used 42757K, committed 42944K, reserved 1089536K
  class space    used 5165K, committed 5248K, reserved 1048576K
}

